<?xml version="1.0" encoding="UTF-8"?>
<testsuite name="com.example.dev.DevApplicationTests" tests="1" skipped="0" failures="0" errors="0" timestamp="2021-09-23T05:49:35" hostname="DESKTOP-55RQ1GU" time="0.45">
  <properties/>
  <testcase name="contextLoads()" classname="com.example.dev.DevApplicationTests" time="0.45"/>
  <system-out><![CDATA[14:49:11.461 [Test worker] DEBUG org.springframework.test.context.BootstrapUtils - Instantiating CacheAwareContextLoaderDelegate from class [org.springframework.test.context.cache.DefaultCacheAwareContextLoaderDelegate]
14:49:11.504 [Test worker] DEBUG org.springframework.test.context.BootstrapUtils - Instantiating BootstrapContext using constructor [public org.springframework.test.context.support.DefaultBootstrapContext(java.lang.Class,org.springframework.test.context.CacheAwareContextLoaderDelegate)]
14:49:11.599 [Test worker] DEBUG org.springframework.test.context.BootstrapUtils - Instantiating TestContextBootstrapper for test class [com.example.dev.DevApplicationTests] from class [org.springframework.boot.test.context.SpringBootTestContextBootstrapper]
14:49:11.639 [Test worker] INFO org.springframework.boot.test.context.SpringBootTestContextBootstrapper - Neither @ContextConfiguration nor @ContextHierarchy found for test class [com.example.dev.DevApplicationTests], using SpringBootContextLoader
14:49:11.652 [Test worker] DEBUG org.springframework.test.context.support.AbstractContextLoader - Did not detect default resource location for test class [com.example.dev.DevApplicationTests]: class path resource [com/example/dev/DevApplicationTests-context.xml] does not exist
14:49:11.655 [Test worker] DEBUG org.springframework.test.context.support.AbstractContextLoader - Did not detect default resource location for test class [com.example.dev.DevApplicationTests]: class path resource [com/example/dev/DevApplicationTestsContext.groovy] does not exist
14:49:11.656 [Test worker] INFO org.springframework.test.context.support.AbstractContextLoader - Could not detect default resource locations for test class [com.example.dev.DevApplicationTests]: no resource found for suffixes {-context.xml, Context.groovy}.
14:49:11.658 [Test worker] INFO org.springframework.test.context.support.AnnotationConfigContextLoaderUtils - Could not detect default configuration classes for test class [com.example.dev.DevApplicationTests]: DevApplicationTests does not declare any static, non-private, non-final, nested classes annotated with @Configuration.
14:49:11.792 [Test worker] DEBUG org.springframework.test.context.support.ActiveProfilesUtils - Could not find an 'annotation declaring class' for annotation type [org.springframework.test.context.ActiveProfiles] and class [com.example.dev.DevApplicationTests]
14:49:12.082 [Test worker] DEBUG org.springframework.context.annotation.ClassPathScanningCandidateComponentProvider - Identified candidate component class: file [C:\Users\yjw49\Desktop\devups-back\dev\dev\build\classes\java\main\com\example\dev\DevApplication.class]
14:49:12.091 [Test worker] INFO org.springframework.boot.test.context.SpringBootTestContextBootstrapper - Found @SpringBootConfiguration com.example.dev.DevApplication for test class com.example.dev.DevApplicationTests
14:49:12.527 [Test worker] DEBUG org.springframework.boot.test.context.SpringBootTestContextBootstrapper - @TestExecutionListeners is not present for class [com.example.dev.DevApplicationTests]: using defaults.
14:49:12.530 [Test worker] INFO org.springframework.boot.test.context.SpringBootTestContextBootstrapper - Loaded default TestExecutionListener class names from location [META-INF/spring.factories]: [org.springframework.security.test.context.support.WithSecurityContextTestExecutionListener, org.springframework.security.test.context.support.ReactorContextTestExecutionListener, org.springframework.boot.test.autoconfigure.restdocs.RestDocsTestExecutionListener, org.springframework.boot.test.autoconfigure.web.client.MockRestServiceServerResetTestExecutionListener, org.springframework.boot.test.autoconfigure.web.servlet.MockMvcPrintOnlyOnFailureTestExecutionListener, org.springframework.boot.test.autoconfigure.web.servlet.WebDriverTestExecutionListener, org.springframework.boot.test.autoconfigure.webservices.client.MockWebServiceServerTestExecutionListener, org.springframework.boot.test.mock.mockito.MockitoTestExecutionListener, org.springframework.boot.test.mock.mockito.ResetMocksTestExecutionListener, org.springframework.test.context.web.ServletTestExecutionListener, org.springframework.test.context.support.DirtiesContextBeforeModesTestExecutionListener, org.springframework.test.context.event.ApplicationEventsTestExecutionListener, org.springframework.test.context.support.DependencyInjectionTestExecutionListener, org.springframework.test.context.support.DirtiesContextTestExecutionListener, org.springframework.test.context.transaction.TransactionalTestExecutionListener, org.springframework.test.context.jdbc.SqlScriptsTestExecutionListener, org.springframework.test.context.event.EventPublishingTestExecutionListener]
14:49:12.672 [Test worker] INFO org.springframework.boot.test.context.SpringBootTestContextBootstrapper - Using TestExecutionListeners: [org.springframework.test.context.web.ServletTestExecutionListener@7bb6b8b8, org.springframework.test.context.support.DirtiesContextBeforeModesTestExecutionListener@62084da2, org.springframework.test.context.event.ApplicationEventsTestExecutionListener@40df2ce5, org.springframework.boot.test.mock.mockito.MockitoTestExecutionListener@5c088312, org.springframework.boot.test.autoconfigure.SpringBootDependencyInjectionTestExecutionListener@12359353, org.springframework.test.context.support.DirtiesContextTestExecutionListener@3270b9ea, org.springframework.test.context.transaction.TransactionalTestExecutionListener@b711345, org.springframework.test.context.jdbc.SqlScriptsTestExecutionListener@13f9112a, org.springframework.security.test.context.support.WithSecurityContextTestExecutionListener@2d68a70d, org.springframework.test.context.event.EventPublishingTestExecutionListener@1ae0e4a3, org.springframework.security.test.context.support.ReactorContextTestExecutionListener@19882781, org.springframework.boot.test.autoconfigure.restdocs.RestDocsTestExecutionListener@42a315db, org.springframework.boot.test.autoconfigure.web.client.MockRestServiceServerResetTestExecutionListener@2a1b824d, org.springframework.boot.test.autoconfigure.web.servlet.MockMvcPrintOnlyOnFailureTestExecutionListener@3743ae51, org.springframework.boot.test.autoconfigure.web.servlet.WebDriverTestExecutionListener@6faf3317, org.springframework.boot.test.autoconfigure.webservices.client.MockWebServiceServerTestExecutionListener@35f8fef4, org.springframework.boot.test.mock.mockito.ResetMocksTestExecutionListener@43871bec]
14:49:12.696 [Test worker] DEBUG org.springframework.test.context.support.AbstractDirtiesContextTestExecutionListener - Before test class: context [DefaultTestContext@1587a2d1 testClass = DevApplicationTests, testInstance = [null], testMethod = [null], testException = [null], mergedContextConfiguration = [WebMergedContextConfiguration@6642c2f0 testClass = DevApplicationTests, locations = '{}', classes = '{class com.example.dev.DevApplication}', contextInitializerClasses = '[]', activeProfiles = '{}', propertySourceLocations = '{}', propertySourceProperties = '{org.springframework.boot.test.context.SpringBootTestContextBootstrapper=true}', contextCustomizers = set[org.springframework.boot.test.autoconfigure.actuate.metrics.MetricsExportContextCustomizerFactory$DisableMetricExportContextCustomizer@508896d3, org.springframework.boot.test.autoconfigure.properties.PropertyMappingContextCustomizer@0, org.springframework.boot.test.autoconfigure.web.servlet.WebDriverContextCustomizerFactory$Customizer@4aec6171, org.springframework.boot.test.context.filter.ExcludeFilterContextCustomizer@6686dc67, org.springframework.boot.test.json.DuplicateJsonObjectContextCustomizerFactory$DuplicateJsonObjectContextCustomizer@22fdef24, org.springframework.boot.test.mock.mockito.MockitoContextCustomizer@0, org.springframework.boot.test.web.client.TestRestTemplateContextCustomizer@157940da, org.springframework.boot.test.context.SpringBootTestArgs@1, org.springframework.boot.test.context.SpringBootTestWebEnvironment@4881b910], resourceBasePath = 'src/main/webapp', contextLoader = 'org.springframework.boot.test.context.SpringBootContextLoader', parent = [null]], attributes = map['org.springframework.test.context.web.ServletTestExecutionListener.activateListener' -> true]], class annotated with @DirtiesContext [false] with mode [null].
14:49:12.896 [Test worker] DEBUG org.springframework.test.context.support.TestPropertySourceUtils - Adding inlined properties to environment: {spring.jmx.enabled=false, org.springframework.boot.test.context.SpringBootTestContextBootstrapper=true}

  .   ____          _            __ _ _
 /\\ / ___'_ __ _ _(_)_ __  __ _ \ \ \ \
( ( )\___ | '_ | '_| | '_ \/ _` | \ \ \ \
 \\/  ___)| |_)| | | | | || (_| |  ) ) ) )
  '  |____| .__|_| |_|_| |_\__, | / / / /
 =========|_|==============|___/=/_/_/_/
 :: Spring Boot ::                (v2.5.4)

2021-09-23 14:49:14.223  INFO 18980 --- [    Test worker] com.example.dev.DevApplicationTests      : Starting DevApplicationTests using Java 11.0.12 on DESKTOP-55RQ1GU with PID 18980 (started by yjw49 in C:\Users\yjw49\Desktop\devups-back\dev\dev)
2021-09-23 14:49:14.271  INFO 18980 --- [    Test worker] com.example.dev.DevApplicationTests      : No active profile set, falling back to default profiles: default
2021-09-23 14:49:17.240  INFO 18980 --- [    Test worker] .s.d.r.c.RepositoryConfigurationDelegate : Bootstrapping Spring Data JPA repositories in DEFAULT mode.
2021-09-23 14:49:17.510  INFO 18980 --- [    Test worker] .s.d.r.c.RepositoryConfigurationDelegate : Finished Spring Data repository scanning in 232 ms. Found 1 JPA repository interfaces.
2021-09-23 14:49:20.430  INFO 18980 --- [    Test worker] o.hibernate.jpa.internal.util.LogHelper  : HHH000204: Processing PersistenceUnitInfo [name: default]
2021-09-23 14:49:20.613  INFO 18980 --- [    Test worker] org.hibernate.Version                    : HHH000412: Hibernate ORM core version 5.4.32.Final
2021-09-23 14:49:21.204  INFO 18980 --- [    Test worker] o.hibernate.annotations.common.Version   : HCANN000001: Hibernate Commons Annotations {5.1.2.Final}
2021-09-23 14:49:21.682  INFO 18980 --- [    Test worker] com.zaxxer.hikari.HikariDataSource       : HikariPool-1 - Starting...
2021-09-23 14:49:23.135  INFO 18980 --- [    Test worker] com.zaxxer.hikari.HikariDataSource       : HikariPool-1 - Start completed.
2021-09-23 14:49:23.186  INFO 18980 --- [    Test worker] org.hibernate.dialect.Dialect            : HHH000400: Using dialect: org.hibernate.dialect.MySQL5InnoDBDialect
2021-09-23 14:49:26.590  INFO 18980 --- [    Test worker] o.h.e.t.j.p.i.JtaPlatformInitiator       : HHH000490: Using JtaPlatform implementation: [org.hibernate.engine.transaction.jta.platform.internal.NoJtaPlatform]
2021-09-23 14:49:26.619  INFO 18980 --- [    Test worker] j.LocalContainerEntityManagerFactoryBean : Initialized JPA EntityManagerFactory for persistence unit 'default'
2021-09-23 14:49:29.491  INFO 18980 --- [    Test worker] .s.s.UserDetailsServiceAutoConfiguration : 

Using generated security password: f958f340-130d-4adc-bbd5-6d0910bad76a

2021-09-23 14:49:30.329  INFO 18980 --- [    Test worker] o.s.s.web.DefaultSecurityFilterChain     : Will secure any request with [org.springframework.security.web.context.request.async.WebAsyncManagerIntegrationFilter@bb89355, org.springframework.security.web.context.SecurityContextPersistenceFilter@a3fa6c3, org.springframework.security.web.header.HeaderWriterFilter@1d05f6e7, org.springframework.security.web.csrf.CsrfFilter@7326bd70, org.springframework.security.web.authentication.logout.LogoutFilter@554a00f3, org.springframework.security.web.savedrequest.RequestCacheAwareFilter@7a9e159f, org.springframework.security.web.servletapi.SecurityContextHolderAwareRequestFilter@1fa606b6, org.springframework.security.web.authentication.AnonymousAuthenticationFilter@6c49e4fb, org.springframework.security.web.session.SessionManagementFilter@576ab1b4, org.springframework.security.web.access.ExceptionTranslationFilter@9ff551a]
2021-09-23 14:49:35.418  INFO 18980 --- [    Test worker] com.example.dev.DevApplicationTests      : Started DevApplicationTests in 22.486 seconds (JVM running for 28.828)
]]></system-out>
  <system-err><![CDATA[]]></system-err>
</testsuite>
